{"level":"info","message":"GET / 404 139 - 490.971 ms","timestamp":"2025-03-07 13:46:25"}
{"level":"info","message":"GET //api/v1 404 146 - 3.682 ms","timestamp":"2025-03-07 13:48:06"}
{"level":"info","message":"GET /api/v1 200 28 - 12.256 ms","timestamp":"2025-03-07 13:48:13"}
{"level":"info","message":"GET /api/v1/users 404 151 - 6.023 ms","timestamp":"2025-03-07 13:48:27"}
{"level":"info","message":"POST /api/v1/users 500 60 - 125.143 ms","timestamp":"2025-03-07 13:48:36"}
{"level":"info","message":"POST /api/v1/users 500 60 - 473.148 ms","timestamp":"2025-03-07 14:06:55"}
{"level":"info","message":"POST /api/v1/users 500 60 - 344.320 ms","timestamp":"2025-03-07 14:09:59"}
{"level":"info","message":"POST /api/v1/users 500 60 - 391.203 ms","timestamp":"2025-03-07 14:27:44"}
{"level":"info","message":"GET / 404 139 - 9.033 ms","timestamp":"2025-03-07 14:29:26"}
{"level":"info","message":"GET /api/v1 200 28 - 15.914 ms","timestamp":"2025-03-07 14:29:37"}
{"level":"info","message":"POST /api/v1 404 146 - 234.278 ms","timestamp":"2025-03-07 16:31:26"}
{"level":"info","message":"GET /api/v1 200 28 - 12.557 ms","timestamp":"2025-03-07 16:31:32"}
{"level":"info","message":"POST /api/v1/users 500 60 - 130.098 ms","timestamp":"2025-03-07 16:31:45"}
{"level":"info","message":"POST /api/v1/users 500 60 - 967.319 ms","timestamp":"2025-03-07 16:45:22"}
{"level":"info","message":"POST /api/v1/users 500 60 - 469.559 ms","timestamp":"2025-03-07 16:50:44"}
{"level":"info","message":"POST /api/v1/users 200 348 - 1236.830 ms","timestamp":"2025-03-07 16:52:59"}
{"level":"info","message":"POST /api/v1/users 200 348 - 1149.571 ms","timestamp":"2025-03-07 17:31:02"}
{"level":"info","message":"POST /api/v1/users 200 348 - 11.614 ms","timestamp":"2025-03-07 17:31:07"}
{"level":"info","message":"POST /api/v1/users 400 39 - 1440.301 ms","timestamp":"2025-03-07 17:59:59"}
{"level":"info","message":"POST /api/v1/users 400 39 - 1895.248 ms","timestamp":"2025-03-07 18:01:01"}
{"level":"info","message":"POST /api/v1/users 400 39 - 2518.499 ms","timestamp":"2025-03-07 20:56:17"}
{"level":"info","message":"POST /api/v1/users 200 348 - 1878.683 ms","timestamp":"2025-03-07 20:56:41"}
{"level":"info","message":"POST /api/v1/users 401 61 - 6.339 ms","timestamp":"2025-03-07 20:57:06"}
{"level":"info","message":"POST /api/v1/users 400 151 - 9.719 ms","timestamp":"2025-03-07 20:57:57"}
{"level":"info","message":"POST /api/v1/users 400 39 - 986.558 ms","timestamp":"2025-03-07 21:00:22"}
{"level":"info","message":"POST /api/v1/users 400 39 - 950.838 ms","timestamp":"2025-03-07 21:01:00"}
{"level":"info","message":"POST /api/v1/users 400 39 - 1256.202 ms","timestamp":"2025-03-07 21:09:09"}
{"level":"info","message":"POST /api/v1/users 201 388 - 1463.357 ms","timestamp":"2025-03-07 21:09:24"}
{"level":"info","message":"POST /api/v1/users 400 39 - 155.187 ms","timestamp":"2025-03-07 21:09:32"}
{"level":"info","message":"POST /api/v1/users 400 39 - 1018.038 ms","timestamp":"2025-03-07 21:10:34"}
{"level":"info","message":"POST /api/v1/users 400 39 - 1172.610 ms","timestamp":"2025-03-07 21:19:29"}
{"level":"info","message":"POST /api/v1/users 400 39 - 944.599 ms","timestamp":"2025-03-07 21:22:09"}
{"level":"info","message":"POST /api/v1/users 400 39 - 1013.096 ms","timestamp":"2025-03-07 21:22:56"}
{"level":"info","message":"POST /api/v1/users 400 39 - 156.605 ms","timestamp":"2025-03-07 21:23:01"}
{"level":"info","message":"POST /api/v1/users 400 39 - 920.107 ms","timestamp":"2025-03-07 21:23:56"}
{"level":"info","message":"POST /api/v1/users 400 64 - 1548.974 ms","timestamp":"2025-03-07 21:34:13"}
{"level":"info","message":"POST /api/v1/users 401 61 - 7.174 ms","timestamp":"2025-03-07 21:43:29"}
{"level":"info","message":"POST /api/v1/users/protected 401 61 - 7.421 ms","timestamp":"2025-03-07 21:45:35"}
{"level":"info","message":"POST /api/v1/users/protected 401 61 - 7.876 ms","timestamp":"2025-03-07 21:55:54"}
{"level":"info","message":"POST /api/v1/users 401 61 - 6.386 ms","timestamp":"2025-03-07 21:56:01"}
{"level":"info","message":"POST /api/v1/users 400 64 - 1050.501 ms","timestamp":"2025-03-07 21:56:13"}
{"level":"info","message":"POST /api/v1/users 201 120 - 1177.961 ms","timestamp":"2025-03-07 21:57:56"}
{"level":"info","message":"POST /api/v1/users 400 93 - 3430.625 ms","timestamp":"2025-03-09 16:45:53"}
{"level":"info","message":"POST /api/v1/users 201 380 - 1926.736 ms","timestamp":"2025-03-09 16:46:08"}
{"level":"info","message":"POST /api/v1/users 400 164 - 10.427 ms","timestamp":"2025-03-09 16:46:28"}
{"level":"info","message":"POST /api/v1/users 200 612 - 972.920 ms","timestamp":"2025-03-09 16:47:30"}
{"level":"info","message":"POST /api/v1/users 401 61 - 6.008 ms","timestamp":"2025-03-09 16:48:01"}
{"level":"info","message":"POST /api/v1/categories 401 61 - 136.365 ms","timestamp":"2025-03-09 21:18:42"}
{"level":"info","message":"POST /api/v1/categories 400 114 - 39.828 ms","timestamp":"2025-03-09 21:39:00"}
{"level":"info","message":"POST /api/v1/categories 200 71 - 1338.888 ms","timestamp":"2025-03-09 21:39:18"}
{"level":"info","message":"GET /api/v1/categories 404 156 - 8.938 ms","timestamp":"2025-03-09 21:40:46"}
{"level":"info","message":"POST /api/v1/categories 400 162 - 14.750 ms","timestamp":"2025-03-09 21:40:51"}
{"level":"info","message":"POST /api/v1/categories 201 129 - 1047.027 ms","timestamp":"2025-03-09 21:42:13"}
{"level":"info","message":"POST /api/v1/categories 200 135 - 1005.298 ms","timestamp":"2025-03-09 21:42:28"}
{"level":"info","message":"POST /api/v1/categories 200 128 - 1013.030 ms","timestamp":"2025-03-09 21:45:55"}
{"level":"info","message":"POST /api/v1/categories 201 128 - 1045.308 ms","timestamp":"2025-03-09 21:46:50"}
{"level":"info","message":"POST /api/v1/categories 201 126 - 259.543 ms","timestamp":"2025-03-09 21:46:57"}
{"level":"info","message":"POST /api/v1/categories 400 114 - 7.201 ms","timestamp":"2025-03-09 21:47:04"}
{"level":"info","message":"POST /api/v1/categories 200 130 - 1738.929 ms","timestamp":"2025-03-09 21:47:18"}
{"level":"info","message":"POST /api/v1/categories 200 260 - 1553.755 ms","timestamp":"2025-03-09 21:47:30"}
{"level":"info","message":"POST /api/v1/categories 200 126 - 1033.029 ms","timestamp":"2025-03-09 21:48:06"}
{"level":"info","message":"POST /api/v1/categories 200 198 - 1861.645 ms","timestamp":"2025-03-09 21:48:24"}
{"level":"info","message":"POST /api/v1/categories 401 61 - 58.304 ms","timestamp":"2025-03-09 23:06:23"}
{"level":"info","message":"POST /api/v1/categories/all 200 198 - 1260.836 ms","timestamp":"2025-03-09 23:07:33"}
{"level":"info","message":"POST /api/v1/categories/all 200 198 - 1440.824 ms","timestamp":"2025-03-10 22:29:56"}
{"level":"info","message":"POST /api/v1/products/all 200 198 - 15.221 ms","timestamp":"2025-03-10 22:30:38"}
